<?xml version="1.0" encoding="UTF-8"?>
<testsuite name="Desafio Automatizacion QA Previred" tests="3" skipped="0" failures="1" errors="0" timestamp="2025-10-24T17:31:09.120Z" hostname="Mobdevs-MacBook-Pro.local" time="12.264">
  <properties/>
  <testcase name="Escribir un mal review y obtener mensaje de warning" classname="Desafio Automatizacion QA Previred" time="7.8"/>
  <testcase name="Escribir un buen review" classname="Desafio Automatizacion QA Previred" time="1.654"/>
  <testcase name="Comparar 2 productos" classname="Desafio Automatizacion QA Previred" time="2.808">
    <failure message="java.lang.AssertionError: Se valida estar en la pagina de la comparacion de productos expected [true] but found [false]" type="java.lang.AssertionError">java.lang.AssertionError: Se valida estar en la pagina de la comparacion de productos expected [true] but found [false]
	at org.testng.Assert.fail(Assert.java:111)
	at org.testng.Assert.failNotEquals(Assert.java:1590)
	at org.testng.Assert.assertTrue(Assert.java:57)
	at steps.MainPageSteps.revisoElCuadroComparativoDeAmbosProductos(MainPageSteps.java:72)
	at ✽.reviso el cuadro comparativo de ambos productos(file:///Users/mobdev/Desktop/Desafio_Automatizacion_QA/src/test/resources/features/EjercicioPrevired.feature:24)
</failure>
  </testcase>
  <system-out><![CDATA[
@casoExtra
?[1mScenario:?[22m Escribir un mal review y obtener mensaje de warning ?[90m# file:///Users/mobdev/Desktop/Desafio_Automatizacion_QA/src/test/resources/features/EjercicioPrevired.feature:4?[39m
  ?[32m✔?[39m ?[32m?[1mGiven ?[22mIngreso a la pagina web de opencart?[39m                 ?[90m# steps.MainPageSteps.IngresoALaPaginaWebDeOpenCart()?[39m
  ?[32m✔?[39m ?[32m?[1mAnd ?[22mselecciono el primer articulo?[39m                         ?[90m# steps.MainPageSteps.seleccionoElPrimerArticulo()?[39m
  ?[32m✔?[39m ?[32m?[1mWhen ?[22mle escribo un review no valido?[39m                       ?[90m# steps.ProductSteps.leEscriboUnReviewNoValido()?[39m
  ?[32m✔?[39m ?[32m?[1mThen ?[22mvalido mensaje de warning?[39m                            ?[90m# steps.ProductSteps.validoMensajeDeWarning()?[39m

@casoExtra
?[1mScenario:?[22m Escribir un buen review              ?[90m# file:///Users/mobdev/Desktop/Desafio_Automatizacion_QA/src/test/resources/features/EjercicioPrevired.feature:11?[39m
  ?[32m✔?[39m ?[32m?[1mGiven ?[22mIngreso a la pagina web de opencart?[39m  ?[90m# steps.MainPageSteps.IngresoALaPaginaWebDeOpenCart()?[39m
  ?[32m✔?[39m ?[32m?[1mAnd ?[22mselecciono el primer articulo?[39m          ?[90m# steps.MainPageSteps.seleccionoElPrimerArticulo()?[39m
  ?[32m✔?[39m ?[32m?[1mWhen ?[22mle escribo un review valido?[39m           ?[90m# steps.ProductSteps.leEscriboUnReviewValido()?[39m
  ?[32m✔?[39m ?[32m?[1mThen ?[22mvalido el mensaje de ingreso correcto?[39m ?[90m# steps.ProductSteps.validoMensajeExitoso()?[39m

@casoExtra
?[1mScenario:?[22m Comparar 2 productos                           ?[90m# file:///Users/mobdev/Desktop/Desafio_Automatizacion_QA/src/test/resources/features/EjercicioPrevired.feature:18?[39m
  ?[32m✔?[39m ?[32m?[1mGiven ?[22mIngreso a la pagina web de opencart?[39m            ?[90m# steps.MainPageSteps.IngresoALaPaginaWebDeOpenCart()?[39m
  ?[32m✔?[39m ?[32m?[1mAnd ?[22mbusco el producto ?[1m"Apple Cinema 30"?[22m?[39m              ?[90m# steps.MainPageSteps.buscoElProducto(java.lang.String)?[39m
  ?[32m✔?[39m ?[32m?[1mAnd ?[22mlo agrego a la comparacion?[39m                       ?[90m# steps.MainPageSteps.loAgregoALaComparacion()?[39m
  ?[32m✔?[39m ?[32m?[1mWhen ?[22mbusco el producto ?[1m"Samsung SyncMaster 941BW"?[22m?[39m    ?[90m# steps.MainPageSteps.buscoElProducto(java.lang.String)?[39m
  ?[32m✔?[39m ?[32m?[1mAnd ?[22mlo agrego a la comparacion?[39m                       ?[90m# steps.MainPageSteps.loAgregoALaComparacion()?[39m
  ?[31m✘?[39m ?[31m?[1mThen ?[22mreviso el cuadro comparativo de ambos productos?[39m ?[90m# steps.MainPageSteps.revisoElCuadroComparativoDeAmbosProductos()?[39m
        ?[31mjava.lang.AssertionError: Se valida estar en la pagina de la comparacion de productos expected [true] but found [false]?[39m
        ?[31m	at org.testng.Assert.fail(Assert.java:111)?[39m
        ?[31m	at org.testng.Assert.failNotEquals(Assert.java:1590)?[39m
        ?[31m	at org.testng.Assert.assertTrue(Assert.java:57)?[39m
        ?[31m	at steps.MainPageSteps.revisoElCuadroComparativoDeAmbosProductos(MainPageSteps.java:72)?[39m
        ?[31m	at ✽.reviso el cuadro comparativo de ambos productos(file:///Users/mobdev/Desktop/Desafio_Automatizacion_QA/src/test/resources/features/EjercicioPrevired.feature:24)?[39m

        ?[34mScenario bien ejecutado, evidencia agregada?[39m


        ?[34mEmbedding Screenshot of the evidence [image/png 217800 bytes]?[39m


        ?[34mScenario fallo, favor revisar imagen de error?[39m


        ?[34mEmbedding Screenshot of the error [image/png 217800 bytes]?[39m

]]></system-out>
  <system-err><![CDATA[SLF4J(W): No SLF4J providers were found.
SLF4J(W): Defaulting to no-operation (NOP) logger implementation
SLF4J(W): See https://www.slf4j.org/codes.html#noProviders for further details.
]]></system-err>
</testsuite>
